<?xml version="1.0" encoding="UTF-8"?>
<testng-results skipped="0" failed="0" ignored="1" total="2" passed="1">
  <reporter-output>
  </reporter-output>
  <suite name="Default suite" duration-ms="48470" started-at="2019-01-05T12:17:42Z" finished-at="2019-01-05T12:18:30Z">
    <groups>
    </groups>
    <test name="Default test" duration-ms="48470" started-at="2019-01-05T12:17:42Z" finished-at="2019-01-05T12:18:30Z">
      <class name="testScripts.GartnerTestProject">
        <test-method status="PASS" signature="InitializeTest()[pri:0, instance:testScripts.GartnerTestProject@77ec78b9]" name="InitializeTest" is-config="true" duration-ms="15943" started-at="2019-01-05T12:17:42Z" finished-at="2019-01-05T12:17:58Z">
          <reporter-output>
          </reporter-output>
        </test-method> <!-- InitializeTest -->
        <test-method status="PASS" signature="VerifyEditProductFunctionality()[pri:2, instance:testScripts.GartnerTestProject@77ec78b9]" name="VerifyEditProductFunctionality" duration-ms="29952" started-at="2019-01-05T12:17:58Z" finished-at="2019-01-05T12:18:28Z">
          <reporter-output>
          </reporter-output>
        </test-method> <!-- VerifyEditProductFunctionality -->
        <test-method status="PASS" signature="CleanUp()[pri:0, instance:testScripts.GartnerTestProject@77ec78b9]" name="CleanUp" is-config="true" duration-ms="2497" started-at="2019-01-05T12:18:28Z" finished-at="2019-01-05T12:18:30Z">
          <reporter-output>
          </reporter-output>
        </test-method> <!-- CleanUp -->
      </class> <!-- testScripts.GartnerTestProject -->
    </test> <!-- Default test -->
  </suite> <!-- Default suite -->
</testng-results>
