<?xml version="1.0" encoding="UTF-8"?>
<!-- Generated by org.testng.reporters.JUnitXMLReporter -->
<testsuite hostname="Nikhil" ignored="1" name="Default test" tests="1" failures="0" timestamp="05 Jan 2019 12:18:31 GMT" time="48.47" errors="0">
  <testcase name="VerifyEditProductFunctionality" time="29.952" classname="testScripts.GartnerTestProject"/>
  <testcase name="VerifyAddProductFunctionality" time="0.0" classname="testScripts.GartnerTestProject">
    <ignored/>
  </testcase> <!-- VerifyAddProductFunctionality -->
</testsuite> <!-- Default test -->
